<?xml version="1.0" encoding="UTF-8"?>
<!-- Generated by org.testng.reporters.JUnitReportReporter -->
<testsuite hostname="IN-75272J3" failures="0" tests="1" name="com.testautomation.apitesting.tests.PostApiRequestUsingFile" time="4.037" errors="0" timestamp="2024-06-24T17:04:06 IST" skipped="0">
  <testcase classname="com.testautomation.apitesting.tests.PostApiRequestUsingFile" name="postAPIRequest" time="4.037"/>
</testsuite> <!-- com.testautomation.apitesting.tests.PostApiRequestUsingFile -->
