<?xml version="1.0" encoding="UTF-8"?>
<!-- Generated by org.testng.reporters.JUnitReportReporter -->
<testsuite hostname="IN-75272J3" failures="0" tests="1" name="com.testautomation.apitesting.tests.PatchAPIRequest" time="5.199" errors="0" timestamp="2024-06-24T20:32:52 IST" skipped="0">
  <testcase classname="com.testautomation.apitesting.tests.PatchAPIRequest" name="patchAPIRequest" time="5.199"/>
</testsuite> <!-- com.testautomation.apitesting.tests.PatchAPIRequest -->
