<?xml version="1.0" encoding="UTF-8"?>
<!-- Generated by org.testng.reporters.JUnitReportReporter -->
<testsuite hostname="IN-75272J3" failures="0" tests="2" name="com.testautomation.apitesting.tests.GetApiRequest" time="11.710" errors="0" timestamp="2024-06-24T20:32:52 IST" skipped="0">
  <testcase classname="com.testautomation.apitesting.tests.GetApiRequest" name="getAllBookingIds" time="4.045"/>
  <testcase classname="com.testautomation.apitesting.tests.GetApiRequest" name="getAllBookings" time="7.665"/>
</testsuite> <!-- com.testautomation.apitesting.tests.GetApiRequest -->
