<?xml version="1.0" encoding="UTF-8"?>
<!-- Generated by org.testng.reporters.JUnitReportReporter -->
<testsuite hostname="IN-75272J3" failures="0" tests="2" name="com.testautomation.apitesting.tests.GetApiRequest" time="6.316" errors="0" timestamp="2024-06-24T20:38:36 IST" skipped="0">
  <testcase classname="com.testautomation.apitesting.tests.GetApiRequest" name="getAllBookingIds" time="2.779"/>
  <testcase classname="com.testautomation.apitesting.tests.GetApiRequest" name="getAllBookings" time="3.537"/>
</testsuite> <!-- com.testautomation.apitesting.tests.GetApiRequest -->
