<?xml version="1.0" encoding="UTF-8"?>
<!-- Generated by org.testng.reporters.JUnitReportReporter -->
<testsuite hostname="IN-75272J3" failures="0" tests="1" name="com.testautomation.apitesting.tests.EndToEndAPITest" time="7.658" errors="0" timestamp="2024-06-24T16:42:38 IST" skipped="0">
  <testcase classname="com.testautomation.apitesting.tests.EndToEndAPITest" name="e2eAPIRequest" time="7.658"/>
</testsuite> <!-- com.testautomation.apitesting.tests.EndToEndAPITest -->
