<?xml version="1.0" encoding="UTF-8"?>
<!-- Generated by org.testng.reporters.JUnitReportReporter -->
<testsuite hostname="IN-75272J3" failures="0" tests="1" name="com.testautomation.apitesting.tests.DeleteAPITest" time="7.254" errors="0" timestamp="2024-06-24T20:38:36 IST" skipped="0">
  <testcase classname="com.testautomation.apitesting.tests.DeleteAPITest" name="deleteAPIRequest" time="7.254"/>
</testsuite> <!-- com.testautomation.apitesting.tests.DeleteAPITest -->
